This is pdfTeX, Version 3.141592653-2.6-1.40.26 (MiKTeX 24.4) (preloaded format=pdflatex 2024.5.22)  19 AUG 2024 21:05
entering extended mode
 restricted \write18 enabled.
 %&-line parsing enabled.
**./Documentation.tex
(Documentation.tex
LaTeX2e <2023-11-01> patch level 1
L3 programming layer <2024-04-11>
(i-studis.cls
Document Class: i-studis 2005/09/23 v4.11 Springer Verlag global LaTeX2e suppor
t for monographs
(C:\Users\Imad\AppData\Local\Programs\MiKTeX\tex/latex/url\url.sty
\Urlmuskip=\muskip16
Package: url 2013/09/16  ver 3.4  Verb mode for urls, etc.
)
Class Springer-SVMono Info: extra/valid Springer sub-package 
(Springer-SVMono)           not found in option list - using "global" style.

(C:\Users\Imad\AppData\Local\Programs\MiKTeX\tex/latex/base\article.cls
Document Class: article 2023/05/17 v1.4n Standard LaTeX document class
(C:\Users\Imad\AppData\Local\Programs\MiKTeX\tex/latex/base\size12.clo
File: size12.clo 2023/05/17 v1.4n Standard LaTeX file (size option)
)
\c@part=\count189
\c@section=\count190
\c@subsection=\count191
\c@subsubsection=\count192
\c@paragraph=\count193
\c@subparagraph=\count194
\c@figure=\count195
\c@table=\count196
\abovecaptionskip=\skip48
\belowcaptionskip=\skip49
\bibindent=\dimen140
)
\betweenumberspace=\dimen141
\headlineindent=\dimen142
\c@chapter=\count197
\chapstarthookwidth=\dimen143
\svitemindent=\dimen144
\verbatimindent=\dimen145
LaTeX Font Info:    Redeclaring math symbol \Gamma on input line 735.
LaTeX Font Info:    Redeclaring math symbol \Delta on input line 736.
LaTeX Font Info:    Redeclaring math symbol \Theta on input line 737.
LaTeX Font Info:    Redeclaring math symbol \Lambda on input line 738.
LaTeX Font Info:    Redeclaring math symbol \Xi on input line 739.
LaTeX Font Info:    Redeclaring math symbol \Pi on input line 740.
LaTeX Font Info:    Redeclaring math symbol \Sigma on input line 741.
LaTeX Font Info:    Redeclaring math symbol \Upsilon on input line 742.
LaTeX Font Info:    Redeclaring math symbol \Phi on input line 743.
LaTeX Font Info:    Redeclaring math symbol \Psi on input line 744.
LaTeX Font Info:    Redeclaring math symbol \Omega on input line 745.
\tocchpnum=\dimen146
\tocsecnum=\dimen147
\tocsectotal=\dimen148
\tocsubsecnum=\dimen149
\tocsubsectotal=\dimen150
\tocsubsubsecnum=\dimen151
\tocsubsubsectotal=\dimen152
\tocparanum=\dimen153
\tocparatotal=\dimen154
\tocsubparanum=\dimen155
\foot@parindent=\dimen156
\spthmsep=\dimen157
\c@theorem=\count198
\c@prob=\count199
\instindent=\dimen158
\figgap=\dimen159
\figcapgap=\dimen160
\tabcapgap=\dimen161
\c@merk=\count266
)
(C:\Users\Imad\AppData\Local\Programs\MiKTeX\tex/latex/base\inputenc.sty
Package: inputenc 2021/02/14 v1.3d Input encoding file
\inpenc@prehook=\toks17
\inpenc@posthook=\toks18
)
(C:\Users\Imad\AppData\Local\Programs\MiKTeX\tex/latex/float\float.sty
Package: float 2001/11/08 v1.3d Float enhancements (AL)
\c@float@type=\count267
\float@exts=\toks19
\float@box=\box51
\@float@everytoks=\toks20
\@floatcapt=\box52
)
(C:\Users\Imad\AppData\Local\Programs\MiKTeX\tex/latex/geometry\geometry.sty
Package: geometry 2020/01/02 v5.9 Page Geometry

(C:\Users\Imad\AppData\Local\Programs\MiKTeX\tex/latex/graphics\keyval.sty
Package: keyval 2022/05/29 v1.15 key=value parser (DPC)
\KV@toks@=\toks21
)
(C:\Users\Imad\AppData\Local\Programs\MiKTeX\tex/generic/iftex\ifvtex.sty
Package: ifvtex 2019/10/25 v1.7 ifvtex legacy package. Use iftex instead.

(C:\Users\Imad\AppData\Local\Programs\MiKTeX\tex/generic/iftex\iftex.sty
Package: iftex 2022/02/03 v1.0f TeX engine tests
))
\Gm@cnth=\count268
\Gm@cntv=\count269
\c@Gm@tempcnt=\count270
\Gm@bindingoffset=\dimen162
\Gm@wd@mp=\dimen163
\Gm@odd@mp=\dimen164
\Gm@even@mp=\dimen165
\Gm@layoutwidth=\dimen166
\Gm@layoutheight=\dimen167
\Gm@layouthoffset=\dimen168
\Gm@layoutvoffset=\dimen169
\Gm@dimlist=\toks22

(C:\Users\Imad\AppData\Local\Programs\MiKTeX\tex/latex/geometry\geometry.cfg))
(C:\Users\Imad\AppData\Local\Programs\MiKTeX\tex/generic/babel\babel.sty
Package: babel 2024/04/20 v24.4 The Babel package
\babel@savecnt=\count271
\U@D=\dimen170
\l@unhyphenated=\language79

(C:\Users\Imad\AppData\Local\Programs\MiKTeX\tex/generic/babel\txtbabel.def)
\bbl@readstream=\read2
\bbl@dirlevel=\count272

*************************************
* Local config file bblopts.cfg used
*
(C:\Users\Imad\AppData\Local\Programs\MiKTeX\tex/latex/arabi\bblopts.cfg
File: bblopts.cfg 2005/09/08 v0.1 add Arabic and Farsi to "declared" options of
 babel
)
(C:\Users\Imad\AppData\Local\Programs\MiKTeX\tex/latex/babel-english\english.ld
f
Language: english 2017/06/06 v3.3r English support from the babel system
Package babel Info: Hyphen rules for 'canadian' set to \l@english
(babel)             (\language0). Reported on input line 102.
Package babel Info: Hyphen rules for 'australian' set to \l@ukenglish
(babel)             (\language73). Reported on input line 105.
Package babel Info: Hyphen rules for 'newzealand' set to \l@ukenglish
(babel)             (\language73). Reported on input line 108.
)
(C:\Users\Imad\AppData\Local\Programs\MiKTeX\tex/latex/babel-german\ngerman.ldf
Language: ngerman 2024/01/19 v2.14 German support for babel (post-1996 orthogra
phy)

(C:\Users\Imad\AppData\Local\Programs\MiKTeX\tex/latex/babel-german\ngermanb.ld
f
Language: ngermanb 2024/01/19 v2.14 German support for babel (post-1996 orthogr
aphy)
Package babel Info: Making " an active character on input line 122.
)))
(C:\Users\Imad\AppData\Local\Programs\MiKTeX\tex/generic/babel/locale/de\babel-
ngerman.tex
Package babel Info: Importing font and identification data for ngerman
(babel)             from babel-de.ini. Reported on input line 11.
)
(C:\Users\Imad\AppData\Local\Programs\MiKTeX\tex/generic/babel/locale/en\babel-
english.tex
Package babel Info: Importing font and identification data for english
(babel)             from babel-en.ini. Reported on input line 11.
)
(C:\Users\Imad\AppData\Local\Programs\MiKTeX\tex/latex/graphics\graphicx.sty
Package: graphicx 2021/09/16 v1.2d Enhanced LaTeX Graphics (DPC,SPQR)

(C:\Users\Imad\AppData\Local\Programs\MiKTeX\tex/latex/graphics\graphics.sty
Package: graphics 2022/03/10 v1.4e Standard LaTeX Graphics (DPC,SPQR)

(C:\Users\Imad\AppData\Local\Programs\MiKTeX\tex/latex/graphics\trig.sty
Package: trig 2021/08/11 v1.11 sin cos tan (DPC)
)
(C:\Users\Imad\AppData\Local\Programs\MiKTeX\tex/latex/graphics-cfg\graphics.cf
g
File: graphics.cfg 2016/06/04 v1.11 sample graphics configuration
)
Package graphics Info: Driver file: pdftex.def on input line 107.

(C:\Users\Imad\AppData\Local\Programs\MiKTeX\tex/latex/graphics-def\pdftex.def
File: pdftex.def 2024/04/13 v1.2c Graphics/color driver for pdftex
))
\Gin@req@height=\dimen171
\Gin@req@width=\dimen172
)
(C:\Users\Imad\AppData\Local\Programs\MiKTeX\tex/latex/epstopdf-pkg\epstopdf.st
y
Package: epstopdf 2020-01-24 v2.11 Conversion with epstopdf on the fly (HO)

(C:\Users\Imad\AppData\Local\Programs\MiKTeX\tex/generic/infwarerr\infwarerr.st
y
Package: infwarerr 2019/12/03 v1.5 Providing info/warning/error messages (HO)
) (C:\Users\Imad\AppData\Local\Programs\MiKTeX\tex/latex/grfext\grfext.sty
Package: grfext 2019/12/03 v1.3 Manage graphics extensions (HO)

(C:\Users\Imad\AppData\Local\Programs\MiKTeX\tex/generic/kvdefinekeys\kvdefinek
eys.sty
Package: kvdefinekeys 2019-12-19 v1.6 Define keys (HO)
))
(C:\Users\Imad\AppData\Local\Programs\MiKTeX\tex/latex/kvoptions\kvoptions.sty
Package: kvoptions 2022-06-15 v3.15 Key value format for package options (HO)

(C:\Users\Imad\AppData\Local\Programs\MiKTeX\tex/generic/ltxcmds\ltxcmds.sty
Package: ltxcmds 2023-12-04 v1.26 LaTeX kernel commands for general use (HO)
)
(C:\Users\Imad\AppData\Local\Programs\MiKTeX\tex/latex/kvsetkeys\kvsetkeys.sty
Package: kvsetkeys 2022-10-05 v1.19 Key value parser (HO)
))
(C:\Users\Imad\AppData\Local\Programs\MiKTeX\tex/generic/pdftexcmds\pdftexcmds.
sty
Package: pdftexcmds 2020-06-27 v0.33 Utility functions of pdfTeX for LuaTeX (HO
)
Package pdftexcmds Info: \pdf@primitive is available.
Package pdftexcmds Info: \pdf@ifprimitive is available.
Package pdftexcmds Info: \pdfdraftmode found.
)
(C:\Users\Imad\AppData\Local\Programs\MiKTeX\tex/latex/epstopdf-pkg\epstopdf-ba
se.sty
Package: epstopdf-base 2020-01-24 v2.11 Base part for package epstopdf
Package epstopdf-base Info: Redefining graphics rule for `.eps' on input line 4
85.
Package grfext Info: Graphics extension search list:
(grfext)             [.pdf,.png,.jpg,.mps,.jpeg,.jbig2,.jb2,.PDF,.PNG,.JPG,.JPE
G,.JBIG2,.JB2,.eps]
(grfext)             \AppendGraphicsExtensions on input line 504.

(C:\Users\Imad\AppData\Local\Programs\MiKTeX\tex/latex/00miktex\epstopdf-sys.cf
g
File: epstopdf-sys.cfg 2021/03/18 v2.0 Configuration of epstopdf for MiKTeX
)))
(C:\Users\Imad\AppData\Local\Programs\MiKTeX\tex/latex/listings\listings.sty
\lst@mode=\count273
\lst@gtempboxa=\box53
\lst@token=\toks23
\lst@length=\count274
\lst@currlwidth=\dimen173
\lst@column=\count275
\lst@pos=\count276
\lst@lostspace=\dimen174
\lst@width=\dimen175
\lst@newlines=\count277
\lst@lineno=\count278
\lst@maxwidth=\dimen176

(C:\Users\Imad\AppData\Local\Programs\MiKTeX\tex/latex/listings\lstpatch.sty
File: lstpatch.sty 2024/03/11 1.10a (Carsten Heinz)
)
(C:\Users\Imad\AppData\Local\Programs\MiKTeX\tex/latex/listings\lstmisc.sty
File: lstmisc.sty 2024/03/11 1.10a (Carsten Heinz)
\c@lstnumber=\count279
\lst@skipnumbers=\count280
\lst@framebox=\box54
)
(C:\Users\Imad\AppData\Local\Programs\MiKTeX\tex/latex/listings\listings.cfg
File: listings.cfg 2024/03/11 1.10a listings configuration
))
Package: listings 2024/03/11 1.10a (Carsten Heinz)

(C:\Users\Imad\AppData\Local\Programs\MiKTeX\tex/latex/titlesec\titlesec.sty
Package: titlesec 2023/10/27 v2.16 Sectioning titles
\ttl@box=\box55
\beforetitleunit=\skip50
\aftertitleunit=\skip51
\ttl@plus=\dimen177
\ttl@minus=\dimen178
\ttl@toksa=\toks24
\titlewidth=\dimen179
\titlewidthlast=\dimen180
\titlewidthfirst=\dimen181
)
(C:\Users\Imad\AppData\Local\Programs\MiKTeX\tex/latex/algorithm2e\algorithm2e.
sty
Package: algorithm2e 2017/07/18 v5.2 algorithms environments
\c@AlgoLine=\count281
 (C:\Users\Imad\AppData\Local\Programs\MiKTeX\tex/latex/base\ifthen.sty
Package: ifthen 2022/04/13 v1.1d Standard LaTeX ifthen package (DPC)
)
\algocf@hangindent=\skip52

(C:\Users\Imad\AppData\Local\Programs\MiKTeX\tex/latex/ifoddpage\ifoddpage.sty
Package: ifoddpage 2022/10/18 v1.2 Conditionals for odd/even page detection
\c@checkoddpage=\count282
) (C:\Users\Imad\AppData\Local\Programs\MiKTeX\tex/latex/tools\xspace.sty
Package: xspace 2014/10/28 v1.13 Space after command names (DPC,MH)
)
(C:\Users\Imad\AppData\Local\Programs\MiKTeX\tex/latex/relsize\relsize.sty
Package: relsize 2013/03/29 ver 4.1
)
\skiptotal=\skip53
\skiplinenumber=\skip54
\skiprule=\skip55
\skiphlne=\skip56
\skiptext=\skip57
\skiplength=\skip58
\algomargin=\skip59
\skipalgocfslide=\skip60
\algowidth=\dimen182
\inoutsize=\dimen183
\inoutindent=\dimen184
\interspacetitleruled=\dimen185
\interspacealgoruled=\dimen186
\interspacetitleboxruled=\dimen187
\algocf@ruledwidth=\skip61
\algocf@inoutbox=\box56
\algocf@inputbox=\box57
\AlCapSkip=\skip62
\AlCapHSkip=\skip63
\algoskipindent=\skip64
\algocf@nlbox=\box58
\algocf@hangingbox=\box59
\algocf@untilbox=\box60
\algocf@skipuntil=\skip65
\algocf@capbox=\box61
\algocf@lcaptionbox=\skip66
\algoheightruledefault=\skip67
\algoheightrule=\skip68
\algotitleheightruledefault=\skip69
\algotitleheightrule=\skip70
\c@algocfline=\count283
\c@algocfproc=\count284
\c@algocf=\count285
\algocf@algoframe=\box62
\algocf@algobox=\box63
)
(C:\Users\Imad\AppData\Local\Programs\MiKTeX\tex/latex/amsfonts\amssymb.sty
Package: amssymb 2013/01/14 v3.01 AMS font symbols

(C:\Users\Imad\AppData\Local\Programs\MiKTeX\tex/latex/amsfonts\amsfonts.sty
Package: amsfonts 2013/01/14 v3.01 Basic AMSFonts support
\@emptytoks=\toks25
\symAMSa=\mathgroup4
\symAMSb=\mathgroup5
LaTeX Font Info:    Redeclaring math symbol \hbar on input line 98.
LaTeX Font Info:    Overwriting math alphabet `\mathfrak' in version `bold'
(Font)                  U/euf/m/n --> U/euf/b/n on input line 106.
))
(C:\Users\Imad\AppData\Local\Programs\MiKTeX\tex/latex/amsmath\amstext.sty
Package: amstext 2021/08/26 v2.01 AMS text

(C:\Users\Imad\AppData\Local\Programs\MiKTeX\tex/latex/amsmath\amsgen.sty
File: amsgen.sty 1999/11/30 v2.0 generic functions
\@emptytoks=\toks26
\ex@=\dimen188
))
(C:\Users\Imad\AppData\Local\Programs\MiKTeX\tex/latex/amsmath\amsmath.sty
Package: amsmath 2023/05/13 v2.17o AMS math features
\@mathmargin=\skip71

For additional information on amsmath, use the `?' option.
(C:\Users\Imad\AppData\Local\Programs\MiKTeX\tex/latex/amsmath\amsbsy.sty
Package: amsbsy 1999/11/29 v1.2d Bold Symbols
\pmbraise@=\dimen189
)
(C:\Users\Imad\AppData\Local\Programs\MiKTeX\tex/latex/amsmath\amsopn.sty
Package: amsopn 2022/04/08 v2.04 operator names
)
\inf@bad=\count286
LaTeX Info: Redefining \frac on input line 234.
\uproot@=\count287
\leftroot@=\count288
LaTeX Info: Redefining \overline on input line 399.
LaTeX Info: Redefining \colon on input line 410.
\classnum@=\count289
\DOTSCASE@=\count290
LaTeX Info: Redefining \ldots on input line 496.
LaTeX Info: Redefining \dots on input line 499.
LaTeX Info: Redefining \cdots on input line 620.
\Mathstrutbox@=\box64
\strutbox@=\box65
LaTeX Info: Redefining \big on input line 722.
LaTeX Info: Redefining \Big on input line 723.
LaTeX Info: Redefining \bigg on input line 724.
LaTeX Info: Redefining \Bigg on input line 725.
\big@size=\dimen190
LaTeX Font Info:    Redeclaring font encoding OML on input line 743.
LaTeX Font Info:    Redeclaring font encoding OMS on input line 744.
\macc@depth=\count291
LaTeX Info: Redefining \bmod on input line 905.
LaTeX Info: Redefining \pmod on input line 910.
LaTeX Info: Redefining \smash on input line 940.
LaTeX Info: Redefining \relbar on input line 970.
LaTeX Info: Redefining \Relbar on input line 971.
\c@MaxMatrixCols=\count292
\dotsspace@=\muskip17
\c@parentequation=\count293
\dspbrk@lvl=\count294
\tag@help=\toks27
\row@=\count295
\column@=\count296
\maxfields@=\count297
\andhelp@=\toks28
\eqnshift@=\dimen191
\alignsep@=\dimen192
\tagshift@=\dimen193
\tagwidth@=\dimen194
\totwidth@=\dimen195
\lineht@=\dimen196
\@envbody=\toks29
\multlinegap=\skip72
\multlinetaggap=\skip73
\mathdisplay@stack=\toks30
LaTeX Info: Redefining \[ on input line 2953.
LaTeX Info: Redefining \] on input line 2954.
)
(C:\Users\Imad\AppData\Local\Programs\MiKTeX\tex/latex/tools\array.sty
Package: array 2023/10/16 v2.5g Tabular extension package (FMi)
\col@sep=\dimen197
\ar@mcellbox=\box66
\extrarowheight=\dimen198
\NC@list=\toks31
\extratabsurround=\skip74
\backup@length=\skip75
\ar@cellbox=\box67
)
(C:\Users\Imad\AppData\Local\Programs\MiKTeX\tex/latex/caption\caption.sty
Package: caption 2023/08/05 v3.6o Customizing captions (AR)

(C:\Users\Imad\AppData\Local\Programs\MiKTeX\tex/latex/caption\caption3.sty
Package: caption3 2023/07/31 v2.4d caption3 kernel (AR)
\caption@tempdima=\dimen199
\captionmargin=\dimen256
\caption@leftmargin=\dimen257
\caption@rightmargin=\dimen258
\caption@width=\dimen259
\caption@indent=\dimen260
\caption@parindent=\dimen261
\caption@hangindent=\dimen262
Package caption Info: Unknown document class (or package),
(caption)             standard defaults will be used.
Package caption Info: \@makecaption = \long macro:#1#2->\captionstyle \ifx \@ca
ptype \fig@type \vskip \figcapgap \fi \setbox \@tempboxa \hbox {{\floatlegendst
yle #1\floatcounterend }\capstrut #2}\ifdim \wd \@tempboxa >\hsize {\floatlegen
dstyle #1\floatcounterend }\capstrut #2\par \else \hbox to\hsize {\leftlegendgl
ue \unhbox \@tempboxa \hfil }\fi \ifx \@captype \fig@type \else \vskip \tabcapg
ap \fi  on input line 1175.
)

Package caption Warning: Unknown document class (or package),
(caption)                standard defaults will be used.
See the caption package documentation for explanation.

\c@caption@flags=\count298
\c@continuedfloat=\count299
Package caption Info: float package is loaded.
Package caption Info: listings package is loaded.
) (C:\Users\Imad\AppData\Local\Programs\MiKTeX\tex/latex/graphics\color.sty
Package: color 2022/01/06 v1.3d Standard LaTeX Color (DPC)

(C:\Users\Imad\AppData\Local\Programs\MiKTeX\tex/latex/graphics-cfg\color.cfg
File: color.cfg 2016/01/02 v1.6 sample color configuration
)
Package color Info: Driver file: pdftex.def on input line 149.

(C:\Users\Imad\AppData\Local\Programs\MiKTeX\tex/latex/graphics\dvipsnam.def
File: dvipsnam.def 2016/06/17 v3.0m Driver-dependent file (DPC,SPQR)
)
(C:\Users\Imad\AppData\Local\Programs\MiKTeX\tex/latex/graphics\mathcolor.ltx))
(C:\Users\Imad\AppData\Local\Programs\MiKTeX\tex/latex/hyperref\hyperref.sty
Package: hyperref 2024-01-20 v7.01h Hypertext links for LaTeX

(C:\Users\Imad\AppData\Local\Programs\MiKTeX\tex/generic/pdfescape\pdfescape.st
y
Package: pdfescape 2019/12/09 v1.15 Implements pdfTeX's escape features (HO)
) (C:\Users\Imad\AppData\Local\Programs\MiKTeX\tex/latex/hycolor\hycolor.sty
Package: hycolor 2020-01-27 v1.10 Color options for hyperref/bookmark (HO)
)
(C:\Users\Imad\AppData\Local\Programs\MiKTeX\tex/latex/auxhook\auxhook.sty
Package: auxhook 2019-12-17 v1.6 Hooks for auxiliary files (HO)
)
(C:\Users\Imad\AppData\Local\Programs\MiKTeX\tex/latex/hyperref\nameref.sty
Package: nameref 2023-11-26 v2.56 Cross-referencing by name of section

(C:\Users\Imad\AppData\Local\Programs\MiKTeX\tex/latex/refcount\refcount.sty
Package: refcount 2019/12/15 v3.6 Data extraction from label references (HO)
)
(C:\Users\Imad\AppData\Local\Programs\MiKTeX\tex/generic/gettitlestring\gettitl
estring.sty
Package: gettitlestring 2019/12/15 v1.6 Cleanup title references (HO)
)
\c@section@level=\count300
)
(C:\Users\Imad\AppData\Local\Programs\MiKTeX\tex/latex/etoolbox\etoolbox.sty
Package: etoolbox 2020/10/05 v2.5k e-TeX tools for LaTeX (JAW)
\etb@tempcnta=\count301
)
\@linkdim=\dimen263
\Hy@linkcounter=\count302
\Hy@pagecounter=\count303

(C:\Users\Imad\AppData\Local\Programs\MiKTeX\tex/latex/hyperref\pd1enc.def
File: pd1enc.def 2024-01-20 v7.01h Hyperref: PDFDocEncoding definition (HO)
Now handling font encoding PD1 ...
... no UTF-8 mapping file for font encoding PD1
)
(C:\Users\Imad\AppData\Local\Programs\MiKTeX\tex/generic/intcalc\intcalc.sty
Package: intcalc 2019/12/15 v1.3 Expandable calculations with integers (HO)
)
\Hy@SavedSpaceFactor=\count304

(C:\Users\Imad\AppData\Local\Programs\MiKTeX\tex/latex/hyperref\puenc.def
File: puenc.def 2024-01-20 v7.01h Hyperref: PDF Unicode definition (HO)
Now handling font encoding PU ...
... no UTF-8 mapping file for font encoding PU
)
Package hyperref Info: Option `plainpages' set `false' on input line 4062.
Package hyperref Info: Hyper figures OFF on input line 4179.
Package hyperref Info: Link nesting OFF on input line 4184.
Package hyperref Info: Hyper index ON on input line 4187.
Package hyperref Info: Plain pages OFF on input line 4194.
Package hyperref Info: Backreferencing OFF on input line 4199.
Package hyperref Info: Implicit mode ON; LaTeX internals redefined.
Package hyperref Info: Bookmarks ON on input line 4446.
\c@Hy@tempcnt=\count305
LaTeX Info: Redefining \url on input line 4784.
\XeTeXLinkMargin=\dimen264

(C:\Users\Imad\AppData\Local\Programs\MiKTeX\tex/generic/bitset\bitset.sty
Package: bitset 2019/12/09 v1.3 Handle bit-vector datatype (HO)

(C:\Users\Imad\AppData\Local\Programs\MiKTeX\tex/generic/bigintcalc\bigintcalc.
sty
Package: bigintcalc 2019/12/15 v1.5 Expandable calculations on big integers (HO
)
))
\Fld@menulength=\count306
\Field@Width=\dimen265
\Fld@charsize=\dimen266
Package hyperref Info: Hyper figures OFF on input line 6063.
Package hyperref Info: Link nesting OFF on input line 6068.
Package hyperref Info: Hyper index ON on input line 6071.
Package hyperref Info: backreferencing OFF on input line 6078.
Package hyperref Info: Link coloring OFF on input line 6083.
Package hyperref Info: Link coloring with OCG OFF on input line 6088.
Package hyperref Info: PDF/A mode OFF on input line 6093.

(C:\Users\Imad\AppData\Local\Programs\MiKTeX\tex/latex/base\atbegshi-ltx.sty
Package: atbegshi-ltx 2021/01/10 v1.0c Emulation of the original atbegshi
package with kernel methods
)
\Hy@abspage=\count307
\c@Item=\count308
\c@Hfootnote=\count309
)
Package hyperref Info: Driver: hpdftex.

(C:\Users\Imad\AppData\Local\Programs\MiKTeX\tex/latex/hyperref\hpdftex.def
File: hpdftex.def 2024-01-20 v7.01h Hyperref driver for pdfTeX

(C:\Users\Imad\AppData\Local\Programs\MiKTeX\tex/latex/base\atveryend-ltx.sty
Package: atveryend-ltx 2020/08/19 v1.0a Emulation of the original atveryend pac
kage
with kernel methods
)
\Fld@listcount=\count310
\c@bookmark@seq@number=\count311

(C:\Users\Imad\AppData\Local\Programs\MiKTeX\tex/latex/rerunfilecheck\rerunfile
check.sty
Package: rerunfilecheck 2022-07-10 v1.10 Rerun checks for auxiliary files (HO)

(C:\Users\Imad\AppData\Local\Programs\MiKTeX\tex/generic/uniquecounter\uniqueco
unter.sty
Package: uniquecounter 2019/12/15 v1.4 Provide unlimited unique counter (HO)
)
Package uniquecounter Info: New unique counter `rerunfilecheck' on input line 2
85.
)
\Hy@SectionHShift=\skip76
)
(C:\Users\Imad\AppData\Local\Programs\MiKTeX\tex/latex/base\textcomp.sty
Package: textcomp 2020/02/02 v2.0n Standard LaTeX package
)
(C:\Users\Imad\AppData\Local\Programs\MiKTeX\tex/latex/germbib\bibgerm.sty
Package: bibgerm 2000/08/18 v0.1 Support for mixed language bibliographies

** Macros for german `BibTeX'ing added to Style Option `german' 20 Apr 1993 **
** idea and languages `german' and `USenglish' implemented by M. Wallmeier **
** Modified for LaTeX 2e and german.sty 2.5b by A. Scherer 1 Nov 1995 **
** Modified for ngerman.sty and babel.sty by H. Harders 21 August 2000 **)
(C:\Users\Imad\AppData\Local\Programs\MiKTeX\tex/latex/base\makeidx.sty
Package: makeidx 2021/10/04 v1.0m Standard LaTeX package
)
(C:\Users\Imad\AppData\Local\Programs\MiKTeX\tex/latex/tools\multicol.sty
Package: multicol 2023/03/30 v1.9f multicolumn formatting (FMi)
\c@tracingmulticols=\count312
\mult@box=\box68
\multicol@leftmargin=\dimen267
\c@unbalance=\count313
\c@collectmore=\count314
\doublecol@number=\count315
\multicoltolerance=\count316
\multicolpretolerance=\count317
\full@width=\dimen268
\page@free=\dimen269
\premulticols=\dimen270
\postmulticols=\dimen271
\multicolsep=\skip77
\multicolbaselineskip=\skip78
\partial@page=\box69
\last@line=\box70
\mc@boxedresult=\box71
\maxbalancingoverflow=\dimen272
\mult@rightbox=\box72
\mult@grightbox=\box73
\mult@firstbox=\box74
\mult@gfirstbox=\box75
\@tempa=\box76
\@tempa=\box77
\@tempa=\box78
\@tempa=\box79
\@tempa=\box80
\@tempa=\box81
\@tempa=\box82
\@tempa=\box83
\@tempa=\box84
\@tempa=\box85
\@tempa=\box86
\@tempa=\box87
\@tempa=\box88
\@tempa=\box89
\@tempa=\box90
\@tempa=\box91
\@tempa=\box92
\@tempa=\box93
\@tempa=\box94
\@tempa=\box95
\@tempa=\box96
\@tempa=\box97
\@tempa=\box98
\@tempa=\box99
\@tempa=\box100
\@tempa=\box101
\@tempa=\box102
\@tempa=\box103
\@tempa=\box104
\@tempa=\box105
\@tempa=\box106
\@tempa=\box107
\@tempa=\box108
\@tempa=\box109
\@tempa=\box110
\@tempa=\box111
\c@minrows=\count318
\c@columnbadness=\count319
\c@finalcolumnbadness=\count320
\last@try=\dimen273
\multicolovershoot=\dimen274
\multicolundershoot=\dimen275
\mult@nat@firstbox=\box112
\colbreak@box=\box113
\mc@col@check@num=\count321
)
\@indexfile=\write3
\openout3 = `Documentation.idx'.


Writing index file Documentation.idx

(C:\Users\Imad\AppData\Local\Programs\MiKTeX\tex/latex/l3backend\l3backend-pdft
ex.def
File: l3backend-pdftex.def 2024-04-11 L3 backend support: PDF output (pdfTeX)
\l__color_backend_stack_int=\count322
\l__pdf_internal_box=\box114
) (Documentation.aux (chapters/Glossar.aux)
(chapters/Selbststaendigkeitserklaerung.aux))
\openout1 = `Documentation.aux'.

LaTeX Font Info:    Checking defaults for OML/cmm/m/it on input line 70.
LaTeX Font Info:    ... okay on input line 70.
LaTeX Font Info:    Checking defaults for OMS/cmsy/m/n on input line 70.
LaTeX Font Info:    ... okay on input line 70.
LaTeX Font Info:    Checking defaults for OT1/cmr/m/n on input line 70.
LaTeX Font Info:    ... okay on input line 70.
LaTeX Font Info:    Checking defaults for T1/cmr/m/n on input line 70.
LaTeX Font Info:    ... okay on input line 70.
LaTeX Font Info:    Checking defaults for TS1/cmr/m/n on input line 70.
LaTeX Font Info:    ... okay on input line 70.
LaTeX Font Info:    Checking defaults for OMX/cmex/m/n on input line 70.
LaTeX Font Info:    ... okay on input line 70.
LaTeX Font Info:    Checking defaults for U/cmr/m/n on input line 70.
LaTeX Font Info:    ... okay on input line 70.
LaTeX Font Info:    Checking defaults for PD1/pdf/m/n on input line 70.
LaTeX Font Info:    ... okay on input line 70.
LaTeX Font Info:    Checking defaults for PU/pdf/m/n on input line 70.
LaTeX Font Info:    ... okay on input line 70.

*geometry* driver: auto-detecting
*geometry* detected driver: pdftex
*geometry* verbose mode - [ preamble ] result:
* driver: pdftex
* paper: a4paper
* layout: <same size as paper>
* layoutoffset:(h,v)=(0.0pt,0.0pt)
* modes: 
* h-part:(L,W,R)=(89.62709pt, 418.25368pt, 89.6271pt)
* v-part:(T,H,B)=(101.40665pt, 591.5302pt, 152.11pt)
* \paperwidth=597.50787pt
* \paperheight=845.04684pt
* \textwidth=418.25368pt
* \textheight=650.68681pt
* \oddsidemargin=17.3571pt
* \evensidemargin=17.3571pt
* \topmargin=5.13666pt
* \headheight=12.0pt
* \headsep=12.0pt
* \topskip=12.0pt
* \footskip=30.0pt
* \marginparwidth=90.0pt
* \marginparsep=10.0pt
* \columnsep=10.0pt
* \skip\footins=10.8pt plus 4.0pt minus 2.0pt
* \hoffset=0.0pt
* \voffset=0.0pt
* \mag=1000
* \@twocolumnfalse
* \@twosidefalse
* \@mparswitchfalse
* \@reversemarginfalse
* (1in=72.27pt=25.4mm, 1cm=28.453pt)

Man spricht deutsch.

(C:\Users\Imad\AppData\Local\Programs\MiKTeX\tex/context/base/mkii\supp-pdf.mki
i
[Loading MPS to PDF converter (version 2006.09.02).]
\scratchcounter=\count323
\scratchdimen=\dimen276
\scratchbox=\box115
\nofMPsegments=\count324
\nofMParguments=\count325
\everyMPshowfont=\toks32
\MPscratchCnt=\count326
\MPscratchDim=\dimen277
\MPnumerator=\count327
\makeMPintoPDFobject=\count328
\everyMPtoPDFconversion=\toks33
)
\c@lstlisting=\count329
Package caption Info: Begin \AtBeginDocument code.
Package caption Info: hyperref package is loaded.
Package caption Info: End \AtBeginDocument code.
Package hyperref Info: Link coloring OFF on input line 70.
 (Documentation.out) (Documentation.out)
\@outlinefile=\write4
\openout4 = `Documentation.out'.



bibgerm.sty: babel.sty detected



pdfTeX warning: pdflatex.exe (file ./images/logo-fb-informatik.pdf): PDF inclus
ion: found PDF version <1.7>, but at most version <1.5> allowed
<images/logo-fb-informatik.pdf, id=159, 811.81792pt x 157.11497pt>
File: images/logo-fb-informatik.pdf Graphic file (type pdf)
<use images/logo-fb-informatik.pdf>
Package pdftex.def Info: images/logo-fb-informatik.pdf  used on input line 90.
(pdftex.def)             Requested size: 209.12683pt x 40.47253pt.
[1

{C:/Users/Imad/AppData/Local/MiKTeX/fonts/map/pdftex/pdftex.map} <./images/logo
-fb-informatik.pdf>] (chapters/Kurzfassung.tex
LaTeX Font Info:    Trying to load font information for U+msa on input line 2.

(C:\Users\Imad\AppData\Local\Programs\MiKTeX\tex/latex/amsfonts\umsa.fd
File: umsa.fd 2013/01/14 v3.01 AMS symbols A
)
LaTeX Font Info:    Trying to load font information for U+msb on input line 2.

(C:\Users\Imad\AppData\Local\Programs\MiKTeX\tex/latex/amsfonts\umsb.fd
File: umsb.fd 2013/01/14 v3.01 AMS symbols B
))
[2




] (Documentation.toc [3


])
\tf@toc=\write5
\openout5 = `Documentation.toc'.

 [4] (Documentation.lof)
\tf@lof=\write6
\openout6 = `Documentation.lof'.

 [5


] (Documentation.lot)
\tf@lot=\write7
\openout7 = `Documentation.lot'.


[6


] (chapters/EinleitungProblemstellung.tex
Kapitel 1.

pdfTeX warning (ext4): destination with the same identifier (name{page.1}) has 
been already used, duplicate ignored
<to be read again> 
                   \relax 
l.25 
      [1




]) (chapters/WeitereKapitel.tex [2]
Kapitel 2.
[3


] [4]

pdfTeX warning: pdflatex.exe (file ./images/Components.pdf): PDF inclusion: fou
nd PDF version <1.7>, but at most version <1.5> allowed
<images/Components.pdf, id=278, 845.07718pt x 597.55246pt>
File: images/Components.pdf Graphic file (type pdf)
<use images/Components.pdf>
Package pdftex.def Info: images/Components.pdf  used on input line 59.
(pdftex.def)             Requested size: 253.5251pt x 179.26712pt.
[5 <./images/Components.pdf>]
Overfull \hbox (18.97252pt too wide) in paragraph at lines 83--84
[]\OT1/cmr/m/n/12 Durch die Nut-zung der kom-po-nen-ten-ba-sier-ten Ar-chi-tek-
tur und der SPA-Funktionen
 []


Overfull \hbox (21.38344pt too wide) in paragraph at lines 93--94
\OT1/cmr/m/n/12 wird Ja-va ge-nutzt, um ei-ne ro-bus-te und ska-lier-ba-re ser-
ver-sei-ti-ge Lo-gik zu gew[]ahrleisten. 
 []

[6] [7]
Overfull \hbox (19.30536pt too wide) in paragraph at lines 132--133
[]\OT1/cmr/bx/n/12 Produktivit[]at: \OT1/cmr/m/n/12 Das Fra-me-work erm[]oglich
t es auf das Schrei-ben von Gesch[]aftslogik
 []


Overfull \hbox (18.08316pt too wide) in paragraph at lines 133--134
[]\OT1/cmr/bx/n/12 Microservices: \OT1/cmr/m/n/12 Es eig-net sich her-vor-ra-ge
nd f[]ur die Ent-wick-lung von Microservices-
 []

(C:\Users\Imad\AppData\Local\Programs\MiKTeX\tex/latex/listings\lstlang1.sty
File: lstlang1.sty 2024/03/11 1.10a listings language file
)
Package hyperref Info: bookmark level for unknown lstlisting defaults to 0 on i
nput line 149.

[8]
Overfull \hbox (6.34164pt too wide) in paragraph at lines 161--162
[][][][][][][][][][][][][][][][][][] 
 []

[9]
Overfull \hbox (6.43933pt too wide) in paragraph at lines 195--196
[]\OT1/cmr/m/n/12 CRUD-Operationen (Er-stel-len, Le-sen, Ak-tua-li-sie-ren, L[]
oschen) wer-den mit Spring
 []

[10] [11]
Overfull \hbox (6.0907pt too wide) in paragraph at lines 242--243
[]\OT1/cmr/m/n/12 Zusammenarbeit an Pro-jek-ten oh-ne das Ri-si-ko, dass un-be-
ab-sich-tig-te []Anderungen
 []

) (chapters/Bausteine.tex [12]
Kapitel 3.
) (chapters/Beispiel.tex [13


] [14]
Kapitel 4.
) (chapters/ZusammenfassungAusblick.tex [15


]
Kapitel 5.
) [16


] (Documentation.bbl
Underfull \hbox (badness 3375) in paragraph at lines 9--12
[]\OT1/cmr/m/it/12 Angular com-ponents over-view\OT1/cmr/m/n/12 .  []$\OT1/cmtt
/m/n/12 https : / / v17 . angular . io / guide /
 []


Underfull \hbox (badness 10000) in paragraph at lines 19--22
[]\OT1/cmr/m/sc/12 Baeldung\OT1/cmr/m/n/12 : \OT1/cmr/m/it/12 JPA En-ti-ties\OT
1/cmr/m/n/12 .  []$\OT1/cmtt/m/n/12 https : / / www . baeldung . com /
 []


Underfull \hbox (badness 10000) in paragraph at lines 24--27
[]\OT1/cmr/m/sc/12 Baeldung\OT1/cmr/m/n/12 : \OT1/cmr/m/it/12 En-tity-Ma-na-ger
\OT1/cmr/m/n/12 .  []$\OT1/cmtt/m/n/12 https : / / www . baeldung . com /
 []


Underfull \hbox (badness 10000) in paragraph at lines 29--33
[]$\OT1/cmtt/m/n/12 https : / / developer . ibm . com / articles / an-[]introdu
ction-[]to-[]uml/$[]\OT1/cmr/m/n/12 ,
 []


Underfull \hbox (badness 10000) in paragraph at lines 35--38
[]\OT1/cmr/m/sc/12 Hibernate\OT1/cmr/m/n/12 : \OT1/cmr/m/it/12 Hi-ber-na-te\OT1
/cmr/m/n/12 .  []$\OT1/cmtt/m/n/12 https : / / hibernate . org / orm /
 []


Underfull \hbox (badness 10000) in paragraph at lines 65--68
[]\OT1/cmr/m/it/12 What is REST?  []$\OT1/cmtt/m/n/12 https : / / www . codecad
emy . com / article /
 []


Underfull \hbox (badness 10000) in paragraph at lines 70--73
[]\OT1/cmr/m/sc/12 Shubel, Me-re-dith\OT1/cmr/m/n/12 : \OT1/cmr/m/it/12 Ty-pe-s
-cript\OT1/cmr/m/n/12 .  []$\OT1/cmtt/m/n/12 https : / / thenewstack . io /
 []


Underfull \hbox (badness 10000) in paragraph at lines 75--79
[]\OT1/cmr/m/sc/12 Spring\OT1/cmr/m/n/12 : \OT1/cmr/m/it/12 JPA Que-ry Me-thods
\OT1/cmr/m/n/12 .  []$\OT1/cmtt/m/n/12 /https : / / docs . spring . io /
 []


Underfull \hbox (badness 10000) in paragraph at lines 75--79
\OT1/cmtt/m/n/12 spring-[]data / jpa / reference / jpa / query-[]methods . html
/$[]\OT1/cmr/m/n/12 .  Ab-ge-
 []


Underfull \hbox (badness 10000) in paragraph at lines 81--85
\OT1/cmtt/m/n/12 jpa / docs / 1 . 6 . 0 . RELEASE / reference / html / jpa . re
positories .
 []

[17




]
Underfull \hbox (badness 10000) in paragraph at lines 87--90
[]\OT1/cmr/m/sc/12 Spring\OT1/cmr/m/n/12 : \OT1/cmr/m/it/12 Spring Da-ta JPA\OT
1/cmr/m/n/12 .  []$\OT1/cmtt/m/n/12 https : / / www . ibm . com / topics /
 []


Underfull \hbox (badness 10000) in paragraph at lines 92--95
[]\OT1/cmr/m/sc/12 Spring\OT1/cmr/m/n/12 : \OT1/cmr/m/it/12 Spring Se-cu-ri-ty\
OT1/cmr/m/n/12 .  []$\OT1/cmtt/m/n/12 https : / / spring . io / projects /
 []


Underfull \hbox (badness 7740) in paragraph at lines 102--106
[]\OT1/cmr/m/sc/12 Team, GitHub\OT1/cmr/m/n/12 : \OT1/cmr/m/it/12 GitHub About\
OT1/cmr/m/n/12 .  []$\OT1/cmtt/m/n/12 https : / / docs . github . com /
 []


Underfull \hbox (badness 10000) in paragraph at lines 102--106
\OT1/cmtt/m/n/12 en / get-[]started / start-[]your-[]journey / about-[]github-[
]and-[]git #
 []


Underfull \hbox (badness 10000) in paragraph at lines 118--121
[]\OT1/cmr/m/it/12 Wikipedia: In-te-r-ope-ra-bi-li-ty\OT1/cmr/m/n/12 .  []$\OT1
/cmtt/m/n/12 https : / / en . wikipedia . org / wiki /
 []

)
No file Documentation.ind.
[18]
\openout2 = `chapters/Glossar.aux'.

 (chapters/Glossar.tex
Underfull \hbox (badness 10000) in paragraph at lines 3--4

 []


Underfull \hbox (badness 10000) in paragraph at lines 5--6

 []

)
Underfull \hbox (badness 10000) in paragraph at lines 7--119

 []

[19



]
\openout2 = `chapters/Selbststaendigkeitserklaerung.aux'.

 (chapters/Selbststaendigkeitserklaerung.tex
Underfull \hbox (badness 10000) in paragraph at lines 6--7

 []

) [20





] (Documentation.aux (chapters/Glossar.aux)
(chapters/Selbststaendigkeitserklaerung.aux))
 ***********
LaTeX2e <2023-11-01> patch level 1
L3 programming layer <2024-04-11>
 ***********
Package rerunfilecheck Info: File `Documentation.out' has not changed.
(rerunfilecheck)             Checksum: F9AD2881139B6EA0C4CBBA0B73DEF8BD;6316.
 ) 
Here is how much of TeX's memory you used:
 17267 strings out of 474369
 277572 string characters out of 5740986
 1951754 words of memory out of 5000000
 39249 multiletter control sequences out of 15000+600000
 567744 words of font info for 73 fonts, out of 8000000 for 9000
 1146 hyphenation exceptions out of 8191
 63i,9n,67p,1014b,2181s stack positions out of 10000i,1000n,20000p,200000b,200000s
 <C:\Users\Imad\AppData\Local\MiKTeX\fonts/pk/ljfour/jknappen/ec/dpi600\tcrm1
200.pk><C:/Users/Imad/AppData/Local/Programs/MiKTeX/fonts/type1/public/amsfonts
/cm/cmbx12.pfb><C:/Users/Imad/AppData/Local/Programs/MiKTeX/fonts/type1/public/
amsfonts/cm/cmcsc10.pfb><C:/Users/Imad/AppData/Local/Programs/MiKTeX/fonts/type
1/public/amsfonts/cm/cmr12.pfb><C:/Users/Imad/AppData/Local/Programs/MiKTeX/fon
ts/type1/public/amsfonts/cm/cmr17.pfb><C:/Users/Imad/AppData/Local/Programs/MiK
TeX/fonts/type1/public/amsfonts/cm/cmr6.pfb><C:/Users/Imad/AppData/Local/Progra
ms/MiKTeX/fonts/type1/public/amsfonts/cm/cmr8.pfb><C:/Users/Imad/AppData/Local/
Programs/MiKTeX/fonts/type1/public/amsfonts/cm/cmr9.pfb><C:/Users/Imad/AppData/
Local/Programs/MiKTeX/fonts/type1/public/amsfonts/cm/cmti12.pfb><C:/Users/Imad/
AppData/Local/Programs/MiKTeX/fonts/type1/public/amsfonts/cm/cmtt12.pfb><C:/Use
rs/Imad/AppData/Local/Programs/MiKTeX/fonts/type1/public/amsfonts/cm/cmtt8.pfb>
<C:/Users/Imad/AppData/Local/Programs/MiKTeX/fonts/type1/public/amsfonts/symbol
s/msam10.pfb>
Output written on Documentation.pdf (26 pages, 670390 bytes).
PDF statistics:
 561 PDF objects out of 1000 (max. 8388607)
 132 named destinations out of 1000 (max. 500000)
 323 words of extra memory for PDF output out of 10000 (max. 10000000)

